<?xml version="1.0" encoding="UTF-8"?>
<testsuite name="io.codefresh.gradleexample.GradleExampleApplicationTest" tests="1" skipped="0" failures="0" errors="0" timestamp="2020-05-21T15:04:20" hostname="Arun-Parmar" time="0.09">
  <properties/>
  <testcase name="contextLoads" classname="io.codefresh.gradleexample.GradleExampleApplicationTest" time="0.09"/>
  <system-out><![CDATA[20:34:17.756 [Test worker] DEBUG org.springframework.test.context.junit4.SpringJUnit4ClassRunner - SpringJUnit4ClassRunner constructor called with [class io.codefresh.gradleexample.GradleExampleApplicationTest]
20:34:17.764 [Test worker] DEBUG org.springframework.test.context.BootstrapUtils - Instantiating CacheAwareContextLoaderDelegate from class [org.springframework.test.context.cache.DefaultCacheAwareContextLoaderDelegate]
20:34:17.771 [Test worker] DEBUG org.springframework.test.context.BootstrapUtils - Instantiating BootstrapContext using constructor [public org.springframework.test.context.support.DefaultBootstrapContext(java.lang.Class,org.springframework.test.context.CacheAwareContextLoaderDelegate)]
20:34:17.790 [Test worker] DEBUG org.springframework.test.context.BootstrapUtils - Instantiating TestContextBootstrapper for test class [io.codefresh.gradleexample.GradleExampleApplicationTest] from class [org.springframework.boot.test.context.SpringBootTestContextBootstrapper]
20:34:17.797 [Test worker] INFO org.springframework.boot.test.context.SpringBootTestContextBootstrapper - Neither @ContextConfiguration nor @ContextHierarchy found for test class [io.codefresh.gradleexample.GradleExampleApplicationTest], using SpringBootContextLoader
20:34:17.800 [Test worker] DEBUG org.springframework.test.context.support.AbstractContextLoader - Did not detect default resource location for test class [io.codefresh.gradleexample.GradleExampleApplicationTest]: class path resource [io/codefresh/gradleexample/GradleExampleApplicationTest-context.xml] does not exist
20:34:17.800 [Test worker] DEBUG org.springframework.test.context.support.AbstractContextLoader - Did not detect default resource location for test class [io.codefresh.gradleexample.GradleExampleApplicationTest]: class path resource [io/codefresh/gradleexample/GradleExampleApplicationTestContext.groovy] does not exist
20:34:17.800 [Test worker] INFO org.springframework.test.context.support.AbstractContextLoader - Could not detect default resource locations for test class [io.codefresh.gradleexample.GradleExampleApplicationTest]: no resource found for suffixes {-context.xml, Context.groovy}.
20:34:17.801 [Test worker] INFO org.springframework.test.context.support.AnnotationConfigContextLoaderUtils - Could not detect default configuration classes for test class [io.codefresh.gradleexample.GradleExampleApplicationTest]: GradleExampleApplicationTest does not declare any static, non-private, non-final, nested classes annotated with @Configuration.
20:34:17.830 [Test worker] DEBUG org.springframework.test.context.support.ActiveProfilesUtils - Could not find an 'annotation declaring class' for annotation type [org.springframework.test.context.ActiveProfiles] and class [io.codefresh.gradleexample.GradleExampleApplicationTest]
20:34:17.887 [Test worker] DEBUG org.springframework.context.annotation.ClassPathScanningCandidateComponentProvider - Identified candidate component class: file [/home/arun/gradle-sample-app/build/classes/java/main/io/codefresh/gradleexample/GradleExampleApplication.class]
20:34:17.888 [Test worker] INFO org.springframework.boot.test.context.SpringBootTestContextBootstrapper - Found @SpringBootConfiguration io.codefresh.gradleexample.GradleExampleApplication for test class io.codefresh.gradleexample.GradleExampleApplicationTest
20:34:17.965 [Test worker] DEBUG org.springframework.boot.test.context.SpringBootTestContextBootstrapper - @TestExecutionListeners is not present for class [io.codefresh.gradleexample.GradleExampleApplicationTest]: using defaults.
20:34:17.965 [Test worker] INFO org.springframework.boot.test.context.SpringBootTestContextBootstrapper - Loaded default TestExecutionListener class names from location [META-INF/spring.factories]: [org.springframework.boot.test.autoconfigure.restdocs.RestDocsTestExecutionListener, org.springframework.boot.test.autoconfigure.web.client.MockRestServiceServerResetTestExecutionListener, org.springframework.boot.test.autoconfigure.web.servlet.MockMvcPrintOnlyOnFailureTestExecutionListener, org.springframework.boot.test.autoconfigure.web.servlet.WebDriverTestExecutionListener, org.springframework.boot.test.mock.mockito.MockitoTestExecutionListener, org.springframework.boot.test.mock.mockito.ResetMocksTestExecutionListener, org.springframework.test.context.web.ServletTestExecutionListener, org.springframework.test.context.support.DirtiesContextBeforeModesTestExecutionListener, org.springframework.test.context.support.DependencyInjectionTestExecutionListener, org.springframework.test.context.support.DirtiesContextTestExecutionListener, org.springframework.test.context.transaction.TransactionalTestExecutionListener, org.springframework.test.context.jdbc.SqlScriptsTestExecutionListener]
20:34:17.974 [Test worker] DEBUG org.springframework.boot.test.context.SpringBootTestContextBootstrapper - Skipping candidate TestExecutionListener [org.springframework.test.context.transaction.TransactionalTestExecutionListener] due to a missing dependency. Specify custom listener classes or make the default listener classes and their required dependencies available. Offending class: [org/springframework/transaction/TransactionDefinition]
20:34:17.975 [Test worker] DEBUG org.springframework.boot.test.context.SpringBootTestContextBootstrapper - Skipping candidate TestExecutionListener [org.springframework.test.context.jdbc.SqlScriptsTestExecutionListener] due to a missing dependency. Specify custom listener classes or make the default listener classes and their required dependencies available. Offending class: [org/springframework/transaction/interceptor/TransactionAttribute]
20:34:17.975 [Test worker] INFO org.springframework.boot.test.context.SpringBootTestContextBootstrapper - Using TestExecutionListeners: [org.springframework.test.context.web.ServletTestExecutionListener@747acdd2, org.springframework.test.context.support.DirtiesContextBeforeModesTestExecutionListener@5a5aa534, org.springframework.boot.test.mock.mockito.MockitoTestExecutionListener@69021f73, org.springframework.boot.test.autoconfigure.SpringBootDependencyInjectionTestExecutionListener@38f87363, org.springframework.test.context.support.DirtiesContextTestExecutionListener@1a4e2df3, org.springframework.boot.test.autoconfigure.restdocs.RestDocsTestExecutionListener@15b2588b, org.springframework.boot.test.autoconfigure.web.client.MockRestServiceServerResetTestExecutionListener@6c3234c9, org.springframework.boot.test.autoconfigure.web.servlet.MockMvcPrintOnlyOnFailureTestExecutionListener@172a2147, org.springframework.boot.test.autoconfigure.web.servlet.WebDriverTestExecutionListener@7c60a7e4, org.springframework.boot.test.mock.mockito.ResetMocksTestExecutionListener@7b11cee3]
20:34:17.978 [Test worker] DEBUG org.springframework.test.annotation.ProfileValueUtils - Retrieved @ProfileValueSourceConfiguration [null] for test class [io.codefresh.gradleexample.GradleExampleApplicationTest]
20:34:17.978 [Test worker] DEBUG org.springframework.test.annotation.ProfileValueUtils - Retrieved ProfileValueSource type [class org.springframework.test.annotation.SystemProfileValueSource] for class [io.codefresh.gradleexample.GradleExampleApplicationTest]
20:34:17.978 [Test worker] DEBUG org.springframework.test.annotation.ProfileValueUtils - Retrieved @ProfileValueSourceConfiguration [null] for test class [io.codefresh.gradleexample.GradleExampleApplicationTest]
20:34:17.978 [Test worker] DEBUG org.springframework.test.annotation.ProfileValueUtils - Retrieved ProfileValueSource type [class org.springframework.test.annotation.SystemProfileValueSource] for class [io.codefresh.gradleexample.GradleExampleApplicationTest]
20:34:17.981 [Test worker] DEBUG org.springframework.test.context.support.AbstractDirtiesContextTestExecutionListener - Before test class: context [DefaultTestContext@5e5ab92d testClass = GradleExampleApplicationTest, testInstance = [null], testMethod = [null], testException = [null], mergedContextConfiguration = [WebMergedContextConfiguration@15b64bc7 testClass = GradleExampleApplicationTest, locations = '{}', classes = '{class io.codefresh.gradleexample.GradleExampleApplication}', contextInitializerClasses = '[]', activeProfiles = '{}', propertySourceLocations = '{}', propertySourceProperties = '{org.springframework.boot.test.context.SpringBootTestContextBootstrapper=true}', contextCustomizers = set[org.springframework.boot.test.autoconfigure.properties.PropertyMappingContextCustomizer@0, org.springframework.boot.test.autoconfigure.web.servlet.WebDriverContextCustomizerFactory$Customizer@5540c915, org.springframework.boot.test.context.filter.ExcludeFilterContextCustomizer@719804a5, org.springframework.boot.test.json.DuplicateJsonObjectContextCustomizerFactory$DuplicateJsonObjectContextCustomizer@7a51074a, org.springframework.boot.test.mock.mockito.MockitoContextCustomizer@0, org.springframework.boot.test.web.client.TestRestTemplateContextCustomizer@3af88d48], resourceBasePath = 'src/main/webapp', contextLoader = 'org.springframework.boot.test.context.SpringBootContextLoader', parent = [null]], attributes = map['org.springframework.test.context.web.ServletTestExecutionListener.activateListener' -> true]], class annotated with @DirtiesContext [false] with mode [null].
20:34:17.982 [Test worker] DEBUG org.springframework.test.annotation.ProfileValueUtils - Retrieved @ProfileValueSourceConfiguration [null] for test class [io.codefresh.gradleexample.GradleExampleApplicationTest]
20:34:17.982 [Test worker] DEBUG org.springframework.test.annotation.ProfileValueUtils - Retrieved ProfileValueSource type [class org.springframework.test.annotation.SystemProfileValueSource] for class [io.codefresh.gradleexample.GradleExampleApplicationTest]
20:34:17.995 [Test worker] DEBUG org.springframework.test.context.support.TestPropertySourceUtils - Adding inlined properties to environment: {spring.jmx.enabled=false, org.springframework.boot.test.context.SpringBootTestContextBootstrapper=true, server.port=-1}

  .   ____          _            __ _ _
 /\\ / ___'_ __ _ _(_)_ __  __ _ \ \ \ \
( ( )\___ | '_ | '_| | '_ \/ _` | \ \ \ \
 \\/  ___)| |_)| | | | | || (_| |  ) ) ) )
  '  |____| .__|_| |_|_| |_\__, | / / / /
 =========|_|==============|___/=/_/_/_/
 :: Spring Boot ::        (v2.1.4.RELEASE)

2020-05-21 20:34:18.160  INFO 11345 --- [    Test worker] i.c.g.GradleExampleApplicationTest       : Starting GradleExampleApplicationTest on Arun-Parmar with PID 11345 (started by arun in /home/arun/gradle-sample-app)
2020-05-21 20:34:18.161  INFO 11345 --- [    Test worker] i.c.g.GradleExampleApplicationTest       : No active profile set, falling back to default profiles: default
2020-05-21 20:34:19.743  INFO 11345 --- [    Test worker] o.s.s.concurrent.ThreadPoolTaskExecutor  : Initializing ExecutorService 'applicationTaskExecutor'
2020-05-21 20:34:19.887  INFO 11345 --- [    Test worker] o.s.b.a.w.s.WelcomePageHandlerMapping    : Adding welcome page: class path resource [static/index.html]
2020-05-21 20:34:20.425  INFO 11345 --- [    Test worker] o.s.b.a.e.web.EndpointLinksResolver      : Exposing 2 endpoint(s) beneath base path '/actuator'
2020-05-21 20:34:20.473  INFO 11345 --- [    Test worker] i.c.g.GradleExampleApplicationTest       : Started GradleExampleApplicationTest in 2.468 seconds (JVM running for 3.095)
]]></system-out>
  <system-err><![CDATA[]]></system-err>
</testsuite>
